<?xml version="1.0" encoding="UTF-8"?>
<testng-results skipped="0" failed="0" ignored="4" total="8" passed="4">
  <reporter-output>
  </reporter-output>
  <suite name="suite1" duration-ms="16" started-at="2022-11-06T18:22:55Z" finished-at="2022-11-06T18:22:55Z">
    <groups>
      <group name="regressionTest">
        <method signature="SmokeTest.targetSignIn()[pri:0, instance:com.bit.test.SmokeTest@6d4b1c02]" name="targetSignIn" class="com.bit.test.SmokeTest"/>
        <method signature="SmokeTest.targetSignIn2()[pri:0, instance:com.bit.test.SmokeTest@6d4b1c02]" name="targetSignIn2" class="com.bit.test.SmokeTest"/>
        <method signature="SmokeTest.targetSignUp1()[pri:0, instance:com.bit.test.SmokeTest@6d4b1c02]" name="targetSignUp1" class="com.bit.test.SmokeTest"/>
        <method signature="SmokeTest.targetSignUp3()[pri:0, instance:com.bit.test.SmokeTest@6d4b1c02]" name="targetSignUp3" class="com.bit.test.SmokeTest"/>
      </group> <!-- regressionTest -->
      <group name="smokeTest">
        <method signature="SmokeTest.targetSignIn2()[pri:0, instance:com.bit.test.SmokeTest@6d4b1c02]" name="targetSignIn2" class="com.bit.test.SmokeTest"/>
        <method signature="SmokeTest.targetSignUp1()[pri:0, instance:com.bit.test.SmokeTest@6d4b1c02]" name="targetSignUp1" class="com.bit.test.SmokeTest"/>
      </group> <!-- smokeTest -->
    </groups>
    <test name="group Test" duration-ms="16" started-at="2022-11-06T18:22:55Z" finished-at="2022-11-06T18:22:55Z">
      <class name="com.bit.test.SmokeTest">
        <test-method status="PASS" signature="targetSignIn()[pri:0, instance:com.bit.test.SmokeTest@6d4b1c02]" name="targetSignIn" duration-ms="4" started-at="2022-11-06T18:22:55Z" finished-at="2022-11-06T18:22:55Z">
          <reporter-output>
          </reporter-output>
        </test-method> <!-- targetSignIn -->
        <test-method status="PASS" signature="targetSignIn2()[pri:0, instance:com.bit.test.SmokeTest@6d4b1c02]" name="targetSignIn2" duration-ms="0" started-at="2022-11-06T18:22:55Z" finished-at="2022-11-06T18:22:55Z">
          <reporter-output>
          </reporter-output>
        </test-method> <!-- targetSignIn2 -->
        <test-method status="PASS" signature="targetSignUp1()[pri:0, instance:com.bit.test.SmokeTest@6d4b1c02]" name="targetSignUp1" duration-ms="0" started-at="2022-11-06T18:22:55Z" finished-at="2022-11-06T18:22:55Z">
          <reporter-output>
          </reporter-output>
        </test-method> <!-- targetSignUp1 -->
        <test-method status="PASS" signature="targetSignUp3()[pri:0, instance:com.bit.test.SmokeTest@6d4b1c02]" name="targetSignUp3" duration-ms="0" started-at="2022-11-06T18:22:55Z" finished-at="2022-11-06T18:22:55Z">
          <reporter-output>
          </reporter-output>
        </test-method> <!-- targetSignUp3 -->
      </class> <!-- com.bit.test.SmokeTest -->
    </test> <!-- group Test -->
  </suite> <!-- suite1 -->
</testng-results>
