<?xml version="1.0" encoding="UTF-8"?>
<!-- Generated by org.testng.reporters.JUnitXMLReporter -->
<testsuite hostname="DESKTOP-9CL64DC" ignored="4" name="group Test" tests="4" failures="0" timestamp="06 Nov 2022 18:22:55 GMT" time="0.016" errors="0">
  <testcase name="targetSignIn" time="0.004" classname="com.bit.test.SmokeTest"/>
  <testcase name="targetSignIn2" time="0.0" classname="com.bit.test.SmokeTest"/>
  <testcase name="targetSignUp1" time="0.0" classname="com.bit.test.SmokeTest"/>
  <testcase name="targetSignUp3" time="0.0" classname="com.bit.test.SmokeTest"/>
  <testcase name="test1" time="0.0" classname="com.bit.test.ParallelTest">
    <ignored/>
  </testcase> <!-- test1 -->
  <testcase name="targetSignUp" time="0.0" classname="com.bit.test.SmokeTest">
    <ignored/>
  </testcase> <!-- targetSignUp -->
  <testcase name="test2" time="0.0" classname="com.bit.test.ParallelTest">
    <ignored/>
  </testcase> <!-- test2 -->
  <testcase name="targetSignIn4" time="0.0" classname="com.bit.test.SmokeTest">
    <ignored/>
  </testcase> <!-- targetSignIn4 -->
</testsuite> <!-- group Test -->
