<?xml version="1.0" encoding="UTF-8"?>
<!-- Generated by org.testng.reporters.JUnitXMLReporter -->
<testsuite hostname="DESKTOP-9CL64DC" ignored="6" name="group Test" tests="2" failures="1" timestamp="12 Nov 2022 19:28:30 GMT" time="0.016" errors="0">
  <testcase name="targerHeader" time="0.005" classname="com.bit.test.SmokeTest">
    <failure type="java.lang.NullPointerException">
      <![CDATA[java.lang.NullPointerException
at com.bit.Scenario.Shared.verifyTitle(Shared.java:28)
at com.bit.Scenario.HeaderValidation.verifyMyStoreModule(HeaderValidation.java:26)
at com.bit.test.SmokeTest.targerHeader(SmokeTest.java:16)
... Removed 25 stack frames]]>
    </failure>
  </testcase> <!-- targerHeader -->
  <testcase name="targetSignIn4" time="0.001" classname="com.bit.test.SmokeTest"/>
  <testcase name="test1" time="0.0" classname="com.bit.test.ParallelTest">
    <ignored/>
  </testcase> <!-- test1 -->
  <testcase name="test2" time="0.0" classname="com.bit.test.ParallelTest">
    <ignored/>
  </testcase> <!-- test2 -->
  <testcase name="targetSignIn2" time="0.0" classname="com.bit.test.SmokeTest">
    <ignored/>
  </testcase> <!-- targetSignIn2 -->
  <testcase name="targetSignIn" time="0.0" classname="com.bit.test.SmokeTest">
    <ignored/>
  </testcase> <!-- targetSignIn -->
  <testcase name="targetSignUp1" time="0.0" classname="com.bit.test.SmokeTest">
    <ignored/>
  </testcase> <!-- targetSignUp1 -->
  <testcase name="targetSignUp3" time="0.0" classname="com.bit.test.SmokeTest">
    <ignored/>
  </testcase> <!-- targetSignUp3 -->
</testsuite> <!-- group Test -->
