<?xml version="1.0" encoding="UTF-8"?>
<!-- Generated by org.testng.reporters.JUnitXMLReporter -->
<testsuite hostname="DESKTOP-9CL64DC" ignored="4" name="Hoame Page validation" tests="3" failures="0" timestamp="05 Nov 2022 18:12:24 GMT" time="0.013" errors="0">
  <testcase name="targetHeaderValidation" time="0.002" classname="com.bit.shared.RegressionTest"/>
  <testcase name="targetSignIn" time="0.0" classname="com.bit.test.SmokeTest"/>
  <testcase name="targetSignUp" time="0.0" classname="com.bit.test.SmokeTest"/>
  <testcase name="@BeforeTest beforeTest" time="0.0" classname="com.bit.test.BaseTest">
    <ignored/>
  </testcase> <!-- @BeforeTest beforeTest -->
  <testcase name="@AfterSuite afterSuite" time="0.0" classname="com.bit.test.BaseTest">
    <ignored/>
  </testcase> <!-- @AfterSuite afterSuite -->
  <testcase name="@BeforeSuite beforeSuite" time="0.0" classname="com.bit.test.BaseTest">
    <ignored/>
  </testcase> <!-- @BeforeSuite beforeSuite -->
  <testcase name="@AfterTest afterTest1" time="0.0" classname="com.bit.test.BaseTest">
    <ignored/>
  </testcase> <!-- @AfterTest afterTest1 -->
</testsuite> <!-- Hoame Page validation -->
