<?xml version="1.0" encoding="UTF-8"?>
<!-- Generated by org.testng.reporters.JUnitXMLReporter -->
<testsuite hostname="DESKTOP-9CL64DC" ignored="1" name="Default test" tests="1" failures="0" timestamp="13 Nov 2022 18:39:06 GMT" time="0.035" errors="0">
  <testcase name="log4JPractice" time="0.026" classname="com.bit.test.AssertionPractice"/>
  <testcase name="testassert" time="0.0" classname="com.bit.test.AssertionPractice">
    <ignored/>
  </testcase> <!-- testassert -->
</testsuite> <!-- Default test -->
