<?xml version="1.0" encoding="UTF-8"?>
<!-- Generated by org.testng.reporters.JUnitXMLReporter -->
<testsuite hostname="DESKTOP-9CL64DC" ignored="6" name="Default test" tests="2" failures="0" timestamp="13 Nov 2022 19:06:32 GMT" time="0.015" errors="0">
  <testcase name="verifyData1" time="0.004" classname="com.bit.test.AssertionPractice"/>
  <testcase name="verifyData1" time="0.0" classname="com.bit.test.AssertionPractice"/>
  <testcase name="testassert1" time="0.0" classname="com.bit.test.AssertionPractice">
    <ignored/>
  </testcase> <!-- testassert1 -->
  <testcase name="testassert" time="0.0" classname="com.bit.test.AssertionPractice">
    <ignored/>
  </testcase> <!-- testassert -->
  <testcase name="testassert2" time="0.0" classname="com.bit.test.AssertionPractice">
    <ignored/>
  </testcase> <!-- testassert2 -->
  <testcase name="testMethod22" time="0.0" classname="com.bit.test.AssertionPractice">
    <ignored/>
  </testcase> <!-- testMethod22 -->
  <testcase name="testMethod" time="0.0" classname="com.bit.test.AssertionPractice">
    <ignored/>
  </testcase> <!-- testMethod -->
  <testcase name="log4JPractice" time="0.0" classname="com.bit.test.AssertionPractice">
    <ignored/>
  </testcase> <!-- log4JPractice -->
</testsuite> <!-- Default test -->
