<?xml version="1.0" encoding="UTF-8"?>
<!-- Generated by org.testng.reporters.JUnitXMLReporter -->
<testsuite hostname="DESKTOP-9CL64DC" ignored="0" name="sanityTest" tests="4" failures="0" timestamp="06 Nov 2022 17:17:52 GMT" time="3.677" errors="0">
  <testcase name="targetSignIn" time="0.002" classname="com.bit.test.SmokeTest"/>
  <testcase name="targetSignUp" time="0.003" classname="com.bit.test.SmokeTest"/>
  <testcase name="test1" time="2.272" classname="com.bit.test.ParallelTest"/>
  <testcase name="test2" time="3.667" classname="com.bit.test.ParallelTest"/>
</testsuite> <!-- sanityTest -->
